# JRE version: Java(TM) SE Runtime Environment (8.0_60-b27) (build 1.8.0_60-b27)
# Java VM: Java HotSpot(TM) 64-Bit Server VM (25.60-b23 mixed mode windows-amd64 compressed oops)
Heap:
 PSYoungGen      total 228864K, used 221576K [0x00000000eab00000, 0x00000000fc180000, 0x0000000100000000)
  eden space 204288K, 96% used [0x00000000eab00000,0x00000000f6bad328,0x00000000f7280000)
  from space 24576K, 98% used [0x00000000f7a80000,0x00000000f9234da0,0x00000000f9280000)
  to   space 40448K, 0% used [0x00000000f9a00000,0x00000000f9a00000,0x00000000fc180000)
 ParOldGen       total 153088K, used 63279K [0x00000000c0000000, 0x00000000c9580000, 0x00000000eab00000)
  object space 153088K, 41% used [0x00000000c0000000,0x00000000c3dcbdd8,0x00000000c9580000)
 Metaspace       used 62657K, capacity 67502K, committed 69032K, reserved 1107968K
  class space    used 8086K, capacity 9507K, committed 9896K, reserved 1048576K
GC Heap History (10 events):
Event: 12352.814 GC heap before
{Heap before GC invocations=44 (full 8):
 PSYoungGen      total 246272K, used 245779K [0x00000000eab00000, 0x00000000fca00000, 0x0000000100000000)
  eden space 231424K, 100% used [0x00000000eab00000,0x00000000f8d00000,0x00000000f8d00000)
  from space 14848K, 96% used [0x00000000f9600000,0x00000000fa404f50,0x00000000fa480000)
  to   space 31232K, 0% used [0x00000000fab80000,0x00000000fab80000,0x00000000fca00000)
 ParOldGen       total 153088K, used 70023K [0x00000000c0000000, 0x00000000c9580000, 0x00000000eab00000)
  object space 153088K, 45% used [0x00000000c0000000,0x00000000c4461d00,0x00000000c9580000)
 Metaspace       used 63477K, capacity 68610K, committed 68776K, reserved 1107968K
  class space    used 8272K, capacity 9785K, committed 9896K, reserved 1048576K
Event: 12352.825 GC heap after
Heap after GC invocations=44 (full 8):
 PSYoungGen      total 240128K, used 12531K [0x00000000eab00000, 0x00000000fbd00000, 0x0000000100000000)
  eden space 222208K, 0% used [0x00000000eab00000,0x00000000eab00000,0x00000000f8400000)
  from space 17920K, 69% used [0x00000000fab80000,0x00000000fb7bcd90,0x00000000fbd00000)
  to   space 29184K, 0% used [0x00000000f8400000,0x00000000f8400000,0x00000000fa080000)
 ParOldGen       total 153088K, used 70031K [0x00000000c0000000, 0x00000000c9580000, 0x00000000eab00000)
  object space 153088K, 45% used [0x00000000c0000000,0x00000000c4463d00,0x00000000c9580000)
 Metaspace       used 63477K, capacity 68610K, committed 68776K, reserved 1107968K
  class space    used 8272K, capacity 9785K, committed 9896K, reserved 1048576K
}
Event: 12364.867 GC heap before
{Heap before GC invocations=45 (full 8):
 PSYoungGen      total 240128K, used 234739K [0x00000000eab00000, 0x00000000fbd00000, 0x0000000100000000)
  eden space 222208K, 100% used [0x00000000eab00000,0x00000000f8400000,0x00000000f8400000)
  from space 17920K, 69% used [0x00000000fab80000,0x00000000fb7bcd90,0x00000000fbd00000)
  to   space 29184K, 0% used [0x00000000f8400000,0x00000000f8400000,0x00000000fa080000)
 ParOldGen       total 153088K, used 70031K [0x00000000c0000000, 0x00000000c9580000, 0x00000000eab00000)
  object space 153088K, 45% used [0x00000000c0000000,0x00000000c4463d00,0x00000000c9580000)
 Metaspace       used 63508K, capacity 68680K, committed 69032K, reserved 1107968K
  class space    used 8272K, capacity 9786K, committed 9896K, reserved 1048576K
Event: 12364.903 GC heap after
Heap after GC invocations=45 (full 8):
 PSYoungGen      total 242688K, used 29168K [0x00000000eab00000, 0x00000000fc880000, 0x0000000100000000)
  eden space 213504K, 0% used [0x00000000eab00000,0x00000000eab00000,0x00000000f7b80000)
  from space 29184K, 99% used [0x00000000f8400000,0x00000000fa07c130,0x00000000fa080000)
  to   space 39424K, 0% used [0x00000000fa200000,0x00000000fa200000,0x00000000fc880000)
 ParOldGen       total 153088K, used 86066K [0x00000000c0000000, 0x00000000c9580000, 0x00000000eab00000)
  object space 153088K, 56% used [0x00000000c0000000,0x00000000c540cb90,0x00000000c9580000)
 Metaspace       used 63508K, capacity 68680K, committed 69032K, reserved 1107968K
  class space    used 8272K, capacity 9786K, committed 9896K, reserved 1048576K
}
Event: 12366.263 GC heap before
{Heap before GC invocations=46 (full 8):
 PSYoungGen      total 242688K, used 166355K [0x00000000eab00000, 0x00000000fc880000, 0x0000000100000000)
  eden space 213504K, 64% used [0x00000000eab00000,0x00000000f30f8c50,0x00000000f7b80000)
  from space 29184K, 99% used [0x00000000f8400000,0x00000000fa07c130,0x00000000fa080000)
  to   space 39424K, 0% used [0x00000000fa200000,0x00000000fa200000,0x00000000fc880000)
 ParOldGen       total 153088K, used 86066K [0x00000000c0000000, 0x00000000c9580000, 0x00000000eab00000)
  object space 153088K, 56% used [0x00000000c0000000,0x00000000c540cb90,0x00000000c9580000)
 Metaspace       used 63527K, capacity 68680K, committed 69032K, reserved 1107968K
  class space    used 8272K, capacity 9786K, committed 9896K, reserved 1048576K
Event: 12366.282 GC heap after
Heap after GC invocations=46 (full 8):
 PSYoungGen      total 251904K, used 24464K [0x00000000eab00000, 0x00000000fca80000, 0x0000000100000000)
  eden space 212480K, 0% used [0x00000000eab00000,0x00000000eab00000,0x00000000f7a80000)
  from space 39424K, 62% used [0x00000000fa200000,0x00000000fb9e4158,0x00000000fc880000)
  to   space 40448K, 0% used [0x00000000f7a80000,0x00000000f7a80000,0x00000000fa200000)
 ParOldGen       total 153088K, used 86074K [0x00000000c0000000, 0x00000000c9580000, 0x00000000eab00000)
  object space 153088K, 56% used [0x00000000c0000000,0x00000000c540eb90,0x00000000c9580000)
 Metaspace       used 63527K, capacity 68680K, committed 69032K, reserved 1107968K
  class space    used 8272K, capacity 9786K, committed 9896K, reserved 1048576K
}
Event: 12366.283 GC heap before
{Heap before GC invocations=47 (full 9):
 PSYoungGen      total 251904K, used 24464K [0x00000000eab00000, 0x00000000fca80000, 0x0000000100000000)
  eden space 212480K, 0% used [0x00000000eab00000,0x00000000eab00000,0x00000000f7a80000)
  from space 39424K, 62% used [0x00000000fa200000,0x00000000fb9e4158,0x00000000fc880000)
  to   space 40448K, 0% used [0x00000000f7a80000,0x00000000f7a80000,0x00000000fa200000)
 ParOldGen       total 153088K, used 86074K [0x00000000c0000000, 0x00000000c9580000, 0x00000000eab00000)
  object space 153088K, 56% used [0x00000000c0000000,0x00000000c540eb90,0x00000000c9580000)
 Metaspace       used 63527K, capacity 68680K, committed 69032K, reserved 1107968K
  class space    used 8272K, capacity 9786K, committed 9896K, reserved 1048576K
Event: 12366.627 GC heap after
Heap after GC invocations=47 (full 9):
 PSYoungGen      total 251904K, used 0K [0x00000000eab00000, 0x00000000fca80000, 0x0000000100000000)
  eden space 212480K, 0% used [0x00000000eab00000,0x00000000eab00000,0x00000000f7a80000)
  from space 39424K, 0% used [0x00000000fa200000,0x00000000fa200000,0x00000000fc880000)
  to   space 40448K, 0% used [0x00000000f7a80000,0x00000000f7a80000,0x00000000fa200000)
 ParOldGen       total 153088K, used 63271K [0x00000000c0000000, 0x00000000c9580000, 0x00000000eab00000)
  object space 153088K, 41% used [0x00000000c0000000,0x00000000c3dc9dd8,0x00000000c9580000)
 Metaspace       used 62085K, capacity 66466K, committed 69032K, reserved 1107968K
  class space    used 7939K, capacity 9189K, committed 9896K, reserved 1048576K
}
Event: 15121.111 GC heap before
{Heap before GC invocations=48 (full 9):
 PSYoungGen      total 251904K, used 212480K [0x00000000eab00000, 0x00000000fca80000, 0x0000000100000000)
  eden space 212480K, 100% used [0x00000000eab00000,0x00000000f7a80000,0x00000000f7a80000)
  from space 39424K, 0% used [0x00000000fa200000,0x00000000fa200000,0x00000000fc880000)
  to   space 40448K, 0% used [0x00000000f7a80000,0x00000000f7a80000,0x00000000fa200000)
 ParOldGen       total 153088K, used 63271K [0x00000000c0000000, 0x00000000c9580000, 0x00000000eab00000)
  object space 153088K, 41% used [0x00000000c0000000,0x00000000c3dc9dd8,0x00000000c9580000)
 Metaspace       used 62623K, capacity 67384K, committed 69032K, reserved 1107968K
  class space    used 8081K, capacity 9498K, committed 9896K, reserved 1048576K
Event: 15121.134 GC heap after
Heap after GC invocations=48 (full 9):
 PSYoungGen      total 228864K, used 24275K [0x00000000eab00000, 0x00000000fc180000, 0x0000000100000000)
  eden space 204288K, 0% used [0x00000000eab00000,0x00000000eab00000,0x00000000f7280000)
  from space 24576K, 98% used [0x00000000f7a80000,0x00000000f9234da0,0x00000000f9280000)
  to   space 40448K, 0% used [0x00000000f9a00000,0x00000000f9a00000,0x00000000fc180000)
 ParOldGen       total 153088K, used 63279K [0x00000000c0000000, 0x00000000c9580000, 0x00000000eab00000)
  object space 153088K, 41% used [0x00000000c0000000,0x00000000c3dcbdd8,0x00000000c9580000)
 Metaspace       used 62623K, capacity 67384K, committed 69032K, reserved 1107968K
  class space    used 8081K, capacity 9498K, committed 9896K, reserved 1048576K
}

